<?xml version="1.0" encoding="UTF-8"?>
<testng-results ignored="0" total="10" passed="10" failed="0" skipped="0">
  <reporter-output>
  </reporter-output>
  <suite started-at="2024-07-12T14:25:06 IST" name="Default suite" finished-at="2024-07-12T14:27:37 IST" duration-ms="151360">
    <groups>
    </groups>
    <test started-at="2024-07-12T14:25:06 IST" name="Default test" finished-at="2024-07-12T14:27:37 IST" duration-ms="151360">
      <class name="testpkg.RedwolfTest">
        <test-method is-config="true" signature="beftest()[pri:0, instance:testpkg.RedwolfTest@7188af83]" started-at="2024-07-12T14:25:06 IST" name="beftest" finished-at="2024-07-12T14:25:10 IST" duration-ms="4717" status="PASS">
          <reporter-output>
          </reporter-output>
        </test-method> <!-- beftest -->
        <test-method signature="registerTest()[pri:1, instance:testpkg.RedwolfTest@7188af83]" started-at="2024-07-12T14:25:10 IST" name="registerTest" finished-at="2024-07-12T14:25:30 IST" duration-ms="19744" status="PASS">
          <reporter-output>
          </reporter-output>
        </test-method> <!-- registerTest -->
        <test-method is-config="true" signature="browserclose(org.testng.ITestResult)[pri:0, instance:testpkg.RedwolfTest@7188af83]" started-at="2024-07-12T14:25:30 IST" name="browserclose" finished-at="2024-07-12T14:25:30 IST" duration-ms="19" status="PASS">
          <params>
            <param index="0">
              <value>
                <![CDATA[[TestResult name=registerTest status=SUCCESS method=RedwolfTest.registerTest()[pri:1, instance:testpkg.RedwolfTest@7188af83] output={null}]]]>
              </value>
            </param>
          </params>
          <reporter-output>
          </reporter-output>
        </test-method> <!-- browserclose -->
        <test-method signature="loginTestUsingDataDriven()[pri:2, instance:testpkg.RedwolfTest@7188af83]" started-at="2024-07-12T14:25:30 IST" name="loginTestUsingDataDriven" finished-at="2024-07-12T14:26:49 IST" duration-ms="78772" status="PASS">
          <reporter-output>
          </reporter-output>
        </test-method> <!-- loginTestUsingDataDriven -->
        <test-method is-config="true" signature="browserclose(org.testng.ITestResult)[pri:0, instance:testpkg.RedwolfTest@7188af83]" started-at="2024-07-12T14:26:49 IST" name="browserclose" finished-at="2024-07-12T14:26:49 IST" duration-ms="2" status="PASS">
          <params>
            <param index="0">
              <value>
                <![CDATA[[TestResult name=loginTestUsingDataDriven status=SUCCESS method=RedwolfTest.loginTestUsingDataDriven()[pri:2, instance:testpkg.RedwolfTest@7188af83] output={null}]]]>
              </value>
            </param>
          </params>
          <reporter-output>
          </reporter-output>
        </test-method> <!-- browserclose -->
        <test-method signature="logo()[pri:3, instance:testpkg.RedwolfTest@7188af83]" started-at="2024-07-12T14:26:49 IST" name="logo" finished-at="2024-07-12T14:26:53 IST" duration-ms="3997" status="PASS">
          <reporter-output>
          </reporter-output>
        </test-method> <!-- logo -->
        <test-method is-config="true" signature="browserclose(org.testng.ITestResult)[pri:0, instance:testpkg.RedwolfTest@7188af83]" started-at="2024-07-12T14:26:53 IST" name="browserclose" finished-at="2024-07-12T14:26:53 IST" duration-ms="0" status="PASS">
          <params>
            <param index="0">
              <value>
                <![CDATA[[TestResult name=logo status=SUCCESS method=RedwolfTest.logo()[pri:3, instance:testpkg.RedwolfTest@7188af83] output={null}]]]>
              </value>
            </param>
          </params>
          <reporter-output>
          </reporter-output>
        </test-method> <!-- browserclose -->
        <test-method signature="searchTest()[pri:4, instance:testpkg.RedwolfTest@7188af83]" started-at="2024-07-12T14:26:53 IST" name="searchTest" finished-at="2024-07-12T14:26:59 IST" duration-ms="6376" status="PASS">
          <reporter-output>
          </reporter-output>
        </test-method> <!-- searchTest -->
        <test-method signature="homepageDropdownTest()[pri:5, instance:testpkg.RedwolfTest@7188af83]" started-at="2024-07-12T14:26:59 IST" name="homepageDropdownTest" finished-at="2024-07-12T14:27:04 IST" duration-ms="4232" status="PASS">
          <reporter-output>
          </reporter-output>
        </test-method> <!-- homepageDropdownTest -->
        <test-method is-config="true" signature="browserclose(org.testng.ITestResult)[pri:0, instance:testpkg.RedwolfTest@7188af83]" started-at="2024-07-12T14:26:59 IST" name="browserclose" finished-at="2024-07-12T14:26:59 IST" duration-ms="0" status="PASS">
          <params>
            <param index="0">
              <value>
                <![CDATA[[TestResult name=searchTest status=SUCCESS method=RedwolfTest.searchTest()[pri:4, instance:testpkg.RedwolfTest@7188af83] output={null}]]]>
              </value>
            </param>
          </params>
          <reporter-output>
          </reporter-output>
        </test-method> <!-- browserclose -->
        <test-method is-config="true" signature="browserclose(org.testng.ITestResult)[pri:0, instance:testpkg.RedwolfTest@7188af83]" started-at="2024-07-12T14:27:04 IST" name="browserclose" finished-at="2024-07-12T14:27:04 IST" duration-ms="0" status="PASS">
          <params>
            <param index="0">
              <value>
                <![CDATA[[TestResult name=homepageDropdownTest status=SUCCESS method=RedwolfTest.homepageDropdownTest()[pri:5, instance:testpkg.RedwolfTest@7188af83] output={null}]]]>
              </value>
            </param>
          </params>
          <reporter-output>
          </reporter-output>
        </test-method> <!-- browserclose -->
        <test-method signature="addtocartTest()[pri:6, instance:testpkg.RedwolfTest@7188af83]" started-at="2024-07-12T14:27:04 IST" name="addtocartTest" finished-at="2024-07-12T14:27:09 IST" depends-on-methods="testpkg.RedwolfTest.loginTestUsingDataDriven" duration-ms="5948" status="PASS">
          <reporter-output>
          </reporter-output>
        </test-method> <!-- addtocartTest -->
        <test-method signature="checkout()[pri:7, instance:testpkg.RedwolfTest@7188af83]" started-at="2024-07-12T14:27:09 IST" name="checkout" finished-at="2024-07-12T14:27:20 IST" depends-on-methods="testpkg.RedwolfTest.addtocartTest" duration-ms="10938" status="PASS">
          <reporter-output>
          </reporter-output>
        </test-method> <!-- checkout -->
        <test-method is-config="true" signature="browserclose(org.testng.ITestResult)[pri:0, instance:testpkg.RedwolfTest@7188af83]" started-at="2024-07-12T14:27:09 IST" name="browserclose" finished-at="2024-07-12T14:27:09 IST" duration-ms="0" status="PASS">
          <params>
            <param index="0">
              <value>
                <![CDATA[[TestResult name=addtocartTest status=SUCCESS method=RedwolfTest.addtocartTest()[pri:6, instance:testpkg.RedwolfTest@7188af83] output={null}]]]>
              </value>
            </param>
          </params>
          <reporter-output>
          </reporter-output>
        </test-method> <!-- browserclose -->
        <test-method signature="wishlistTest()[pri:8, instance:testpkg.RedwolfTest@7188af83]" started-at="2024-07-12T14:27:20 IST" name="wishlistTest" finished-at="2024-07-12T14:27:28 IST" depends-on-methods="testpkg.RedwolfTest.loginTestUsingDataDriven" duration-ms="7877" status="PASS">
          <reporter-output>
          </reporter-output>
        </test-method> <!-- wishlistTest -->
        <test-method is-config="true" signature="browserclose(org.testng.ITestResult)[pri:0, instance:testpkg.RedwolfTest@7188af83]" started-at="2024-07-12T14:27:20 IST" name="browserclose" finished-at="2024-07-12T14:27:20 IST" duration-ms="0" status="PASS">
          <params>
            <param index="0">
              <value>
                <![CDATA[[TestResult name=checkout status=SUCCESS method=RedwolfTest.checkout()[pri:7, instance:testpkg.RedwolfTest@7188af83] output={null}]]]>
              </value>
            </param>
          </params>
          <reporter-output>
          </reporter-output>
        </test-method> <!-- browserclose -->
        <test-method signature="removeProductFromWishlistTest()[pri:9, instance:testpkg.RedwolfTest@7188af83]" started-at="2024-07-12T14:27:28 IST" name="removeProductFromWishlistTest" finished-at="2024-07-12T14:27:33 IST" depends-on-methods="testpkg.RedwolfTest.wishlistTest" duration-ms="5022" status="PASS">
          <reporter-output>
          </reporter-output>
        </test-method> <!-- removeProductFromWishlistTest -->
        <test-method is-config="true" signature="browserclose(org.testng.ITestResult)[pri:0, instance:testpkg.RedwolfTest@7188af83]" started-at="2024-07-12T14:27:28 IST" name="browserclose" finished-at="2024-07-12T14:27:28 IST" duration-ms="0" status="PASS">
          <params>
            <param index="0">
              <value>
                <![CDATA[[TestResult name=wishlistTest status=SUCCESS method=RedwolfTest.wishlistTest()[pri:8, instance:testpkg.RedwolfTest@7188af83] output={null}]]]>
              </value>
            </param>
          </params>
          <reporter-output>
          </reporter-output>
        </test-method> <!-- browserclose -->
        <test-method is-config="true" signature="browserclose(org.testng.ITestResult)[pri:0, instance:testpkg.RedwolfTest@7188af83]" started-at="2024-07-12T14:27:33 IST" name="browserclose" finished-at="2024-07-12T14:27:33 IST" duration-ms="2" status="PASS">
          <params>
            <param index="0">
              <value>
                <![CDATA[[TestResult name=removeProductFromWishlistTest status=SUCCESS method=RedwolfTest.removeProductFromWishlistTest()[pri:9, instance:testpkg.RedwolfTest@7188af83] output={null}]]]>
              </value>
            </param>
          </params>
          <reporter-output>
          </reporter-output>
        </test-method> <!-- browserclose -->
        <test-method signature="logoutTest()[pri:10, instance:testpkg.RedwolfTest@7188af83]" started-at="2024-07-12T14:27:33 IST" name="logoutTest" finished-at="2024-07-12T14:27:37 IST" depends-on-methods="testpkg.RedwolfTest.loginTestUsingDataDriven" duration-ms="3627" status="PASS">
          <reporter-output>
          </reporter-output>
        </test-method> <!-- logoutTest -->
        <test-method is-config="true" signature="browserclose(org.testng.ITestResult)[pri:0, instance:testpkg.RedwolfTest@7188af83]" started-at="2024-07-12T14:27:37 IST" name="browserclose" finished-at="2024-07-12T14:27:37 IST" duration-ms="0" status="PASS">
          <params>
            <param index="0">
              <value>
                <![CDATA[[TestResult name=logoutTest status=SUCCESS method=RedwolfTest.logoutTest()[pri:10, instance:testpkg.RedwolfTest@7188af83] output={null}]]]>
              </value>
            </param>
          </params>
          <reporter-output>
          </reporter-output>
        </test-method> <!-- browserclose -->
        <test-method is-config="true" signature="teardown()[pri:0, instance:testpkg.RedwolfTest@7188af83]" started-at="2024-07-12T14:27:37 IST" name="teardown" finished-at="2024-07-12T14:27:38 IST" duration-ms="991" status="PASS">
          <reporter-output>
          </reporter-output>
        </test-method> <!-- teardown -->
      </class> <!-- testpkg.RedwolfTest -->
    </test> <!-- Default test -->
  </suite> <!-- Default suite -->
</testng-results>
